<?xml version="1.0" encoding="UTF-8"?>
<!-- Generated by org.testng.reporters.JUnitReportReporter -->
<testsuite hostname="RRS.local" failures="0" tests="3" name="test.LoginTest" time="6.391" errors="0" timestamp="2023-03-27T12:23:21 IST" skipped="2">
  <testcase classname="test.LoginTest" name="verify_invalid_Email" time="6.391"/>
  <system-out/>
  <testcase classname="test.LoginTest" name="verify_invalid_password">
    <skipped/>
  </testcase> <!-- verify_invalid_password -->
  <system-out/>
  <testcase classname="test.LoginTest" name="verify_Valid_Credentials">
    <skipped/>
  </testcase> <!-- verify_Valid_Credentials -->
  <system-out/>
</testsuite> <!-- test.LoginTest -->
